2017-05-17 10:21:34.430  INFO 7072 --- [main] code.warehouse.Application               : Starting Application v1.0-SNAPSHOT on USER-20161021EM with PID 7072 (E:\IdeaProjects\own-warehouse-parent\own-warehouse-boss\target\own-warehouse-boss-1.0-SNAPSHOT.jar started by Administrator in E:\IdeaProjects\own-warehouse-parent\own-warehouse-boss\target)
2017-05-17 10:21:34.461 DEBUG 7072 --- [main] code.warehouse.Application               : Running with Spring Boot v1.5.2.RELEASE, Spring v4.3.7.RELEASE
2017-05-17 10:21:34.461  INFO 7072 --- [main] code.warehouse.Application               : No active profile set, falling back to default profiles: default
2017-05-17 10:21:34.586  INFO 7072 --- [main] ationConfigEmbeddedWebApplicationContext : Refreshing org.springframework.boot.context.embedded.AnnotationConfigEmbeddedWebApplicationContext@7ab2bfe1: startup date [Wed May 17 10:21:34 CST 2017]; root of context hierarchy
2017-05-17 10:21:37.945  INFO 7072 --- [main] trationDelegate$BeanPostProcessorChecker : Bean 'shiroConfiguration' of type [code.warehouse.configuration.shiro.ShiroConfiguration$$EnhancerBySpringCGLIB$$7daf3c0a] is not eligible for getting processed by all BeanPostProcessors (for example: not eligible for auto-proxying)
2017-05-17 10:21:38.135  INFO 7072 --- [main] trationDelegate$BeanPostProcessorChecker : Bean 'org.springframework.boot.autoconfigure.jdbc.DataSourceConfiguration$Generic' of type [org.springframework.boot.autoconfigure.jdbc.DataSourceConfiguration$Generic] is not eligible for getting processed by all BeanPostProcessors (for example: not eligible for auto-proxying)
2017-05-17 10:21:38.369  INFO 7072 --- [main] trationDelegate$BeanPostProcessorChecker : Bean 'spring.datasource-org.springframework.boot.autoconfigure.jdbc.DataSourceProperties' of type [org.springframework.boot.autoconfigure.jdbc.DataSourceProperties] is not eligible for getting processed by all BeanPostProcessors (for example: not eligible for auto-proxying)
2017-05-17 10:21:38.463  INFO 7072 --- [main] trationDelegate$BeanPostProcessorChecker : Bean 'dataSource' of type [com.alibaba.druid.pool.DruidDataSource] is not eligible for getting processed by all BeanPostProcessors (for example: not eligible for auto-proxying)
2017-05-17 10:21:38.463  INFO 7072 --- [main] trationDelegate$BeanPostProcessorChecker : Bean 'mybatisConfig' of type [code.warehouse.configuration.mybatis.MybatisConfig$$EnhancerBySpringCGLIB$$f29be9fa] is not eligible for getting processed by all BeanPostProcessors (for example: not eligible for auto-proxying)
2017-05-17 10:21:38.557  INFO 7072 --- [main] trationDelegate$BeanPostProcessorChecker : Bean 'sqlSessionFactory' of type [org.apache.ibatis.session.defaults.DefaultSqlSessionFactory] is not eligible for getting processed by all BeanPostProcessors (for example: not eligible for auto-proxying)
2017-05-17 10:21:38.572  INFO 7072 --- [main] trationDelegate$BeanPostProcessorChecker : Bean 'sqlSessionTemplate' of type [org.mybatis.spring.SqlSessionTemplate] is not eligible for getting processed by all BeanPostProcessors (for example: not eligible for auto-proxying)
2017-05-17 10:21:38.907  INFO 7072 --- [main] trationDelegate$BeanPostProcessorChecker : Bean 'sysUserMapper' of type [org.mybatis.spring.mapper.MapperFactoryBean] is not eligible for getting processed by all BeanPostProcessors (for example: not eligible for auto-proxying)
2017-05-17 10:21:38.907  INFO 7072 --- [main] trationDelegate$BeanPostProcessorChecker : Bean 'sysUserMapper' of type [com.sun.proxy.$Proxy53] is not eligible for getting processed by all BeanPostProcessors (for example: not eligible for auto-proxying)
2017-05-17 10:21:38.969  INFO 7072 --- [main] trationDelegate$BeanPostProcessorChecker : Bean 'sysRoleMapper' of type [org.mybatis.spring.mapper.MapperFactoryBean] is not eligible for getting processed by all BeanPostProcessors (for example: not eligible for auto-proxying)
2017-05-17 10:21:38.969  INFO 7072 --- [main] trationDelegate$BeanPostProcessorChecker : Bean 'sysRoleMapper' of type [com.sun.proxy.$Proxy54] is not eligible for getting processed by all BeanPostProcessors (for example: not eligible for auto-proxying)
2017-05-17 10:21:38.985  INFO 7072 --- [main] trationDelegate$BeanPostProcessorChecker : Bean 'sysRoleMenuMapper' of type [org.mybatis.spring.mapper.MapperFactoryBean] is not eligible for getting processed by all BeanPostProcessors (for example: not eligible for auto-proxying)
2017-05-17 10:21:38.985  INFO 7072 --- [main] trationDelegate$BeanPostProcessorChecker : Bean 'sysRoleMenuMapper' of type [com.sun.proxy.$Proxy55] is not eligible for getting processed by all BeanPostProcessors (for example: not eligible for auto-proxying)
2017-05-17 10:21:38.985  INFO 7072 --- [main] trationDelegate$BeanPostProcessorChecker : Bean 'sysRoleMenuServiceImpl' of type [code.warehouse.service.impl.SysRoleMenuServiceImpl] is not eligible for getting processed by all BeanPostProcessors (for example: not eligible for auto-proxying)
2017-05-17 10:21:39.016  INFO 7072 --- [main] trationDelegate$BeanPostProcessorChecker : Bean 'sysUserRoleMapper' of type [org.mybatis.spring.mapper.MapperFactoryBean] is not eligible for getting processed by all BeanPostProcessors (for example: not eligible for auto-proxying)
2017-05-17 10:21:39.016  INFO 7072 --- [main] trationDelegate$BeanPostProcessorChecker : Bean 'sysUserRoleMapper' of type [com.sun.proxy.$Proxy57] is not eligible for getting processed by all BeanPostProcessors (for example: not eligible for auto-proxying)
2017-05-17 10:21:39.016  INFO 7072 --- [main] trationDelegate$BeanPostProcessorChecker : Bean 'sysUserRoleServiceImpl' of type [code.warehouse.service.impl.SysUserRoleServiceImpl] is not eligible for getting processed by all BeanPostProcessors (for example: not eligible for auto-proxying)
2017-05-17 10:21:39.016  INFO 7072 --- [main] trationDelegate$BeanPostProcessorChecker : Bean 'sysRoleServiceImpl' of type [code.warehouse.service.impl.SysRoleServiceImpl] is not eligible for getting processed by all BeanPostProcessors (for example: not eligible for auto-proxying)
2017-05-17 10:21:39.016  INFO 7072 --- [main] trationDelegate$BeanPostProcessorChecker : Bean 'sysUserServiceImpl' of type [code.warehouse.service.impl.SysUserServiceImpl] is not eligible for getting processed by all BeanPostProcessors (for example: not eligible for auto-proxying)
2017-05-17 10:21:39.063  INFO 7072 --- [main] trationDelegate$BeanPostProcessorChecker : Bean 'sysMenuMapper' of type [org.mybatis.spring.mapper.MapperFactoryBean] is not eligible for getting processed by all BeanPostProcessors (for example: not eligible for auto-proxying)
2017-05-17 10:21:39.063  INFO 7072 --- [main] trationDelegate$BeanPostProcessorChecker : Bean 'sysMenuMapper' of type [com.sun.proxy.$Proxy58] is not eligible for getting processed by all BeanPostProcessors (for example: not eligible for auto-proxying)
2017-05-17 10:21:39.063  INFO 7072 --- [main] trationDelegate$BeanPostProcessorChecker : Bean 'sysMenuServiceImpl' of type [code.warehouse.service.impl.SysMenuServiceImpl] is not eligible for getting processed by all BeanPostProcessors (for example: not eligible for auto-proxying)
2017-05-17 10:21:39.063  INFO 7072 --- [main] org.apache.shiro.realm.AuthorizingRealm  : No cache or cacheManager properties have been set.  Authorization cache cannot be obtained.
2017-05-17 10:21:39.063  INFO 7072 --- [main] trationDelegate$BeanPostProcessorChecker : Bean 'userRealm' of type [code.warehouse.configuration.shiro.UserRealm] is not eligible for getting processed by all BeanPostProcessors (for example: not eligible for auto-proxying)
2017-05-17 10:21:39.063 DEBUG 7072 --- [main] c.w.c.shiro.ShiroConfiguration           : 注入Shiro的Web过滤器-->securityManager
2017-05-17 10:21:40.560  INFO 7072 --- [main] trationDelegate$BeanPostProcessorChecker : Bean 'ehCacheManager' of type [org.apache.shiro.cache.ehcache.EhCacheManager] is not eligible for getting processed by all BeanPostProcessors (for example: not eligible for auto-proxying)
2017-05-17 10:21:40.563  INFO 7072 --- [main] o.a.shiro.cache.ehcache.EhCacheManager   : Cache with name 'code.warehouse.configuration.shiro.UserRealm.authorizationCache' does not yet exist.  Creating now.
2017-05-17 10:21:40.585  INFO 7072 --- [main] o.a.shiro.cache.ehcache.EhCacheManager   : Added EhCache named [code.warehouse.configuration.shiro.UserRealm.authorizationCache]
2017-05-17 10:21:40.601  INFO 7072 --- [main] trationDelegate$BeanPostProcessorChecker : Bean 'securityManager' of type [org.apache.shiro.web.mgt.DefaultWebSecurityManager] is not eligible for getting processed by all BeanPostProcessors (for example: not eligible for auto-proxying)
2017-05-17 10:21:40.602 DEBUG 7072 --- [main] c.w.c.shiro.ShiroConfiguration           : 注入Shiro的Web过滤器-->shiroFilter
2017-05-17 10:21:40.752  INFO 7072 --- [main] trationDelegate$BeanPostProcessorChecker : Bean 'authorizationAttributeSourceAdvisor' of type [org.apache.shiro.spring.security.interceptor.AuthorizationAttributeSourceAdvisor] is not eligible for getting processed by all BeanPostProcessors (for example: not eligible for auto-proxying)
2017-05-17 10:21:40.874  INFO 7072 --- [main] trationDelegate$BeanPostProcessorChecker : Bean 'annotationDrivenTransactionManager' of type [org.springframework.jdbc.datasource.DataSourceTransactionManager] is not eligible for getting processed by all BeanPostProcessors (for example: not eligible for auto-proxying)
2017-05-17 10:21:41.358  INFO 7072 --- [main] trationDelegate$BeanPostProcessorChecker : Bean 'org.springframework.transaction.annotation.ProxyTransactionManagementConfiguration' of type [org.springframework.transaction.annotation.ProxyTransactionManagementConfiguration$$EnhancerBySpringCGLIB$$ce68c6bf] is not eligible for getting processed by all BeanPostProcessors (for example: not eligible for auto-proxying)
2017-05-17 10:21:41.992  INFO 7072 --- [main] s.b.c.e.t.TomcatEmbeddedServletContainer : Tomcat initialized with port(s): 8080 (http)
2017-05-17 10:21:42.024  INFO 7072 --- [main] o.apache.catalina.core.StandardService   : Starting service Tomcat
2017-05-17 10:21:42.024  INFO 7072 --- [main] org.apache.catalina.core.StandardEngine  : Starting Servlet Engine: Apache Tomcat/8.5.11
2017-05-17 10:21:42.211  INFO 7072 --- [localhost-startStop-1] o.a.c.c.C.[Tomcat].[localhost].[/]       : Initializing Spring embedded WebApplicationContext
2017-05-17 10:21:42.211  INFO 7072 --- [localhost-startStop-1] o.s.web.context.ContextLoader            : Root WebApplicationContext: initialization completed in 7625 ms
2017-05-17 10:21:42.858  INFO 7072 --- [localhost-startStop-1] o.s.b.w.servlet.ServletRegistrationBean  : Mapping servlet: 'dispatcherServlet' to [/]
2017-05-17 10:21:42.858  INFO 7072 --- [localhost-startStop-1] o.s.b.w.servlet.ServletRegistrationBean  : Mapping servlet: 'code.warehouse.configuration.druid.DruidStatViewServlet' to [/druid/*]
2017-05-17 10:21:42.858  INFO 7072 --- [localhost-startStop-1] o.s.b.w.servlet.FilterRegistrationBean   : Mapping filter: 'characterEncodingFilter' to: [/*]
2017-05-17 10:21:42.858  INFO 7072 --- [localhost-startStop-1] o.s.b.w.servlet.FilterRegistrationBean   : Mapping filter: 'hiddenHttpMethodFilter' to: [/*]
2017-05-17 10:21:42.858  INFO 7072 --- [localhost-startStop-1] o.s.b.w.servlet.FilterRegistrationBean   : Mapping filter: 'httpPutFormContentFilter' to: [/*]
2017-05-17 10:21:42.858  INFO 7072 --- [localhost-startStop-1] o.s.b.w.servlet.FilterRegistrationBean   : Mapping filter: 'requestContextFilter' to: [/*]
2017-05-17 10:21:42.858  INFO 7072 --- [localhost-startStop-1] o.s.b.w.servlet.FilterRegistrationBean   : Mapping filter: 'druidStatFilter' to urls: [/*]
2017-05-17 10:21:42.858  INFO 7072 --- [localhost-startStop-1] o.s.b.w.servlet.FilterRegistrationBean   : Mapping filter: 'shiroFilter' to: [/*]
2017-05-17 10:21:43.233  INFO 7072 --- [net.sf.ehcache.CacheManager@63355449] net.sf.ehcache.util.UpdateChecker        : New update(s) found: 2.6.5 [http://www.terracotta.org/confluence/display/release/Release+Notes+Ehcache+Core+2.6]. Please check http://ehcache.org for the latest version.
2017-05-17 10:21:43.248  INFO 7072 --- [main] o.s.ui.freemarker.SpringTemplateLoader   : SpringTemplateLoader for FreeMarker: using resource loader [org.springframework.boot.context.embedded.AnnotationConfigEmbeddedWebApplicationContext@7ab2bfe1: startup date [Wed May 17 10:21:34 CST 2017]; root of context hierarchy] and template loader path [classpath:/templates/]
2017-05-17 10:21:43.248  INFO 7072 --- [main] o.s.w.s.v.f.FreeMarkerConfigurer         : ClassTemplateLoader for Spring macros added to FreeMarker configuration
2017-05-17 10:21:45.354  INFO 7072 --- [main] s.w.s.m.m.a.RequestMappingHandlerMapping : Mapped "{[/sys/login],methods=[POST]}" onto public java.lang.String code.warehouse.controller.LoginController.login(java.lang.String,java.lang.String,java.lang.String)
2017-05-17 10:21:45.354  INFO 7072 --- [main] s.w.s.m.m.a.RequestMappingHandlerMapping : Mapped "{[/captcha.jpg]}" onto public void code.warehouse.controller.LoginController.captcha(javax.servlet.http.HttpServletResponse) throws java.io.IOException
2017-05-17 10:21:45.354  INFO 7072 --- [main] s.w.s.m.m.a.RequestMappingHandlerMapping : Mapped "{[/sys/config/update]}" onto public java.lang.String code.warehouse.controller.SysConfigController.update(code.warehouse.common.entity.SysConfigEntity)
2017-05-17 10:21:45.370  INFO 7072 --- [main] s.w.s.m.m.a.RequestMappingHandlerMapping : Mapped "{[/sys/config/delete]}" onto public java.lang.String code.warehouse.controller.SysConfigController.delete(java.lang.Long[])
2017-05-17 10:21:45.370  INFO 7072 --- [main] s.w.s.m.m.a.RequestMappingHandlerMapping : Mapped "{[/sys/config/list]}" onto public java.lang.String code.warehouse.controller.SysConfigController.list(java.util.Map<java.lang.String, java.lang.Object>)
2017-05-17 10:21:45.370  INFO 7072 --- [main] s.w.s.m.m.a.RequestMappingHandlerMapping : Mapped "{[/sys/config/save]}" onto public java.lang.String code.warehouse.controller.SysConfigController.save(code.warehouse.common.entity.SysConfigEntity)
2017-05-17 10:21:45.370  INFO 7072 --- [main] s.w.s.m.m.a.RequestMappingHandlerMapping : Mapped "{[/sys/config/info/{id}]}" onto public java.lang.String code.warehouse.controller.SysConfigController.info(java.lang.Long)
2017-05-17 10:21:45.370  INFO 7072 --- [main] s.w.s.m.m.a.RequestMappingHandlerMapping : Mapped "{[/sys/log/list]}" onto public java.lang.String code.warehouse.controller.SysLogController.list(java.util.Map<java.lang.String, java.lang.Object>)
2017-05-17 10:21:45.370  INFO 7072 --- [main] s.w.s.m.m.a.RequestMappingHandlerMapping : Mapped "{[/sys/menu/update]}" onto public java.lang.String code.warehouse.controller.SysMenuController.update(code.warehouse.entity.SysMenu)
2017-05-17 10:21:45.370  INFO 7072 --- [main] s.w.s.m.m.a.RequestMappingHandlerMapping : Mapped "{[/sys/menu/delete]}" onto public java.lang.String code.warehouse.controller.SysMenuController.delete(java.lang.Long[])
2017-05-17 10:21:45.370  INFO 7072 --- [main] s.w.s.m.m.a.RequestMappingHandlerMapping : Mapped "{[/sys/menu/list]}" onto public java.lang.String code.warehouse.controller.SysMenuController.list(java.util.Map<java.lang.String, java.lang.Object>)
2017-05-17 10:21:45.370  INFO 7072 --- [main] s.w.s.m.m.a.RequestMappingHandlerMapping : Mapped "{[/sys/menu/save]}" onto public java.lang.String code.warehouse.controller.SysMenuController.save(code.warehouse.entity.SysMenu)
2017-05-17 10:21:45.370  INFO 7072 --- [main] s.w.s.m.m.a.RequestMappingHandlerMapping : Mapped "{[/sys/menu/perms]}" onto public java.lang.String code.warehouse.controller.SysMenuController.perms()
2017-05-17 10:21:45.370  INFO 7072 --- [main] s.w.s.m.m.a.RequestMappingHandlerMapping : Mapped "{[/sys/menu/info/{menuId}]}" onto public java.lang.String code.warehouse.controller.SysMenuController.info(java.lang.Long)
2017-05-17 10:21:45.370  INFO 7072 --- [main] s.w.s.m.m.a.RequestMappingHandlerMapping : Mapped "{[/sys/menu/select]}" onto public java.lang.String code.warehouse.controller.SysMenuController.select()
2017-05-17 10:21:45.370  INFO 7072 --- [main] s.w.s.m.m.a.RequestMappingHandlerMapping : Mapped "{[/sys/menu/user]}" onto public java.lang.String code.warehouse.controller.SysMenuController.getUserMenuList()
2017-05-17 10:21:45.370  INFO 7072 --- [main] s.w.s.m.m.a.RequestMappingHandlerMapping : Mapped "{[/]}" onto public java.lang.String code.warehouse.controller.SysPageController.home()
2017-05-17 10:21:45.370  INFO 7072 --- [main] s.w.s.m.m.a.RequestMappingHandlerMapping : Mapped "{[/login]}" onto public java.lang.String code.warehouse.controller.SysPageController.login()
2017-05-17 10:21:45.386  INFO 7072 --- [main] s.w.s.m.m.a.RequestMappingHandlerMapping : Mapped "{[/sys/{url}]}" onto public java.lang.String code.warehouse.controller.SysPageController.page(java.lang.String)
2017-05-17 10:21:45.386  INFO 7072 --- [main] s.w.s.m.m.a.RequestMappingHandlerMapping : Mapped "{[/sys/role/update]}" onto public java.lang.String code.warehouse.controller.SysRoleController.update(code.warehouse.entity.SysRole)
2017-05-17 10:21:45.386  INFO 7072 --- [main] s.w.s.m.m.a.RequestMappingHandlerMapping : Mapped "{[/sys/role/delete]}" onto public java.lang.String code.warehouse.controller.SysRoleController.delete(java.lang.Long[])
2017-05-17 10:21:45.386  INFO 7072 --- [main] s.w.s.m.m.a.RequestMappingHandlerMapping : Mapped "{[/sys/role/list]}" onto public java.lang.String code.warehouse.controller.SysRoleController.list(java.util.Map<java.lang.String, java.lang.Object>)
2017-05-17 10:21:45.386  INFO 7072 --- [main] s.w.s.m.m.a.RequestMappingHandlerMapping : Mapped "{[/sys/role/save]}" onto public java.lang.String code.warehouse.controller.SysRoleController.save(code.warehouse.entity.SysRole)
2017-05-17 10:21:45.386  INFO 7072 --- [main] s.w.s.m.m.a.RequestMappingHandlerMapping : Mapped "{[/sys/role/info/{roleId}]}" onto public java.lang.String code.warehouse.controller.SysRoleController.info(java.lang.Long)
2017-05-17 10:21:45.386  INFO 7072 --- [main] s.w.s.m.m.a.RequestMappingHandlerMapping : Mapped "{[/sys/role/select]}" onto public java.lang.String code.warehouse.controller.SysRoleController.select()
2017-05-17 10:21:45.386  INFO 7072 --- [main] s.w.s.m.m.a.RequestMappingHandlerMapping : Mapped "{[/sys/file/delete]}" onto public java.lang.String code.warehouse.controller.SysUploadController.delete(java.lang.Long[])
2017-05-17 10:21:45.386  INFO 7072 --- [main] s.w.s.m.m.a.RequestMappingHandlerMapping : Mapped "{[/sys/file/list]}" onto public java.lang.String code.warehouse.controller.SysUploadController.list(java.util.Map<java.lang.String, java.lang.Object>)
2017-05-17 10:21:45.386  INFO 7072 --- [main] s.w.s.m.m.a.RequestMappingHandlerMapping : Mapped "{[/sys/file/save]}" onto public java.lang.String code.warehouse.controller.SysUploadController.save(code.warehouse.common.entity.CloudStorageConfig)
2017-05-17 10:21:45.386  INFO 7072 --- [main] s.w.s.m.m.a.RequestMappingHandlerMapping : Mapped "{[/sys/file/config]}" onto public java.lang.String code.warehouse.controller.SysUploadController.config()
2017-05-17 10:21:45.386  INFO 7072 --- [main] s.w.s.m.m.a.RequestMappingHandlerMapping : Mapped "{[/sys/file/upload]}" onto public java.lang.String code.warehouse.controller.SysUploadController.upload(org.springframework.web.multipart.MultipartFile) throws java.io.IOException
2017-05-17 10:21:45.386  INFO 7072 --- [main] s.w.s.m.m.a.RequestMappingHandlerMapping : Mapped "{[/sys/user/update]}" onto public java.lang.String code.warehouse.controller.SysUserController.update(code.warehouse.entity.SysUser)
2017-05-17 10:21:45.386  INFO 7072 --- [main] s.w.s.m.m.a.RequestMappingHandlerMapping : Mapped "{[/sys/user/delete]}" onto public java.lang.String code.warehouse.controller.SysUserController.delete(java.lang.Long[])
2017-05-17 10:21:45.386  INFO 7072 --- [main] s.w.s.m.m.a.RequestMappingHandlerMapping : Mapped "{[/sys/user/list]}" onto public java.lang.String code.warehouse.controller.SysUserController.list(java.util.Map<java.lang.String, java.lang.Object>)
2017-05-17 10:21:45.386  INFO 7072 --- [main] s.w.s.m.m.a.RequestMappingHandlerMapping : Mapped "{[/sys/user/save]}" onto public java.lang.String code.warehouse.controller.SysUserController.save(code.warehouse.entity.SysUser)
2017-05-17 10:21:45.386  INFO 7072 --- [main] s.w.s.m.m.a.RequestMappingHandlerMapping : Mapped "{[/sys/user/info]}" onto public java.lang.String code.warehouse.controller.SysUserController.info()
2017-05-17 10:21:45.386  INFO 7072 --- [main] s.w.s.m.m.a.RequestMappingHandlerMapping : Mapped "{[/sys/user/info/{userId}]}" onto public java.lang.String code.warehouse.controller.SysUserController.info(java.lang.Long)
2017-05-17 10:21:45.386  INFO 7072 --- [main] s.w.s.m.m.a.RequestMappingHandlerMapping : Mapped "{[/sys/user/password]}" onto public java.lang.String code.warehouse.controller.SysUserController.password(java.lang.String,java.lang.String)
2017-05-17 10:21:45.386  INFO 7072 --- [main] s.w.s.m.m.a.RequestMappingHandlerMapping : Mapped "{[/sys/generator/list]}" onto public java.lang.String code.warehouse.controller.GeneratorController.list(java.util.Map<java.lang.String, java.lang.Object>)
2017-05-17 10:21:45.401  INFO 7072 --- [main] s.w.s.m.m.a.RequestMappingHandlerMapping : Mapped "{[/sys/generator/code]}" onto public void code.warehouse.controller.GeneratorController.code(javax.servlet.http.HttpServletRequest,javax.servlet.http.HttpServletResponse) throws java.io.IOException
2017-05-17 10:21:45.401  INFO 7072 --- [main] s.w.s.m.m.a.RequestMappingHandlerMapping : Mapped "{[/v2/api-docs],methods=[GET]}" onto public org.springframework.http.ResponseEntity<springfox.documentation.spring.web.json.Json> springfox.documentation.swagger2.web.Swagger2Controller.getDocumentation(java.lang.String)
2017-05-17 10:21:45.401  INFO 7072 --- [main] s.w.s.m.m.a.RequestMappingHandlerMapping : Mapped "{[/swagger-resources]}" onto org.springframework.http.ResponseEntity<java.util.List<springfox.documentation.swagger.web.SwaggerResource>> springfox.documentation.swagger.web.ApiResourceController.swaggerResources()
2017-05-17 10:21:45.401  INFO 7072 --- [main] s.w.s.m.m.a.RequestMappingHandlerMapping : Mapped "{[/configuration/ui]}" onto org.springframework.http.ResponseEntity<springfox.documentation.swagger.web.UiConfiguration> springfox.documentation.swagger.web.ApiResourceController.uiConfiguration()
2017-05-17 10:21:45.401  INFO 7072 --- [main] s.w.s.m.m.a.RequestMappingHandlerMapping : Mapped "{[/configuration/security]}" onto org.springframework.http.ResponseEntity<springfox.documentation.swagger.web.SecurityConfiguration> springfox.documentation.swagger.web.ApiResourceController.securityConfiguration()
2017-05-17 10:21:45.401  INFO 7072 --- [main] s.w.s.m.m.a.RequestMappingHandlerMapping : Mapped "{[/error]}" onto public org.springframework.http.ResponseEntity<java.util.Map<java.lang.String, java.lang.Object>> org.springframework.boot.autoconfigure.web.BasicErrorController.error(javax.servlet.http.HttpServletRequest)
2017-05-17 10:21:45.401  INFO 7072 --- [main] s.w.s.m.m.a.RequestMappingHandlerMapping : Mapped "{[/error],produces=[text/html]}" onto public org.springframework.web.servlet.ModelAndView org.springframework.boot.autoconfigure.web.BasicErrorController.errorHtml(javax.servlet.http.HttpServletRequest,javax.servlet.http.HttpServletResponse)
2017-05-17 10:21:46.143  INFO 7072 --- [main] s.w.s.m.m.a.RequestMappingHandlerAdapter : Looking for @ControllerAdvice: org.springframework.boot.context.embedded.AnnotationConfigEmbeddedWebApplicationContext@7ab2bfe1: startup date [Wed May 17 10:21:34 CST 2017]; root of context hierarchy
2017-05-17 10:21:46.411  INFO 7072 --- [main] o.s.w.s.handler.SimpleUrlHandlerMapping  : Mapped URL path [/webjars/**] onto handler of type [class org.springframework.web.servlet.resource.ResourceHttpRequestHandler]
2017-05-17 10:21:46.414  INFO 7072 --- [main] o.s.w.s.handler.SimpleUrlHandlerMapping  : Mapped URL path [/**] onto handler of type [class org.springframework.web.servlet.resource.ResourceHttpRequestHandler]
2017-05-17 10:21:46.459  INFO 7072 --- [main] .m.m.a.ExceptionHandlerExceptionResolver : Detected @ExceptionHandler methods in globalDefaultExceptionHandler
2017-05-17 10:21:46.537  INFO 7072 --- [main] o.s.w.s.handler.SimpleUrlHandlerMapping  : Mapped URL path [/**/favicon.ico] onto handler of type [class org.springframework.web.servlet.resource.ResourceHttpRequestHandler]
2017-05-17 10:21:47.639  INFO 7072 --- [main] o.s.j.e.a.AnnotationMBeanExporter        : Registering beans for JMX exposure on startup
2017-05-17 10:21:47.639  INFO 7072 --- [main] o.s.j.e.a.AnnotationMBeanExporter        : Bean with name 'dataSource' has been autodetected for JMX exposure
2017-05-17 10:21:47.655  INFO 7072 --- [main] o.s.j.e.a.AnnotationMBeanExporter        : Located MBean 'dataSource': registering with JMX server as MBean [com.alibaba.druid.pool:name=dataSource,type=DruidDataSource]
2017-05-17 10:21:47.688  INFO 7072 --- [main] d.s.w.p.DocumentationPluginsBootstrapper : Context refreshed
2017-05-17 10:21:47.735  INFO 7072 --- [main] d.s.w.p.DocumentationPluginsBootstrapper : Found {0} custom documentation plugin(s)
2017-05-17 10:21:47.735  INFO 7072 --- [main] s.d.s.w.s.ApiListingReferenceScanner     : Scanning for api listing references
2017-05-17 10:21:47.907  INFO 7072 --- [main] s.b.c.e.t.TomcatEmbeddedServletContainer : Tomcat started on port(s): 8080 (http)
2017-05-17 10:21:47.923  INFO 7072 --- [main] code.warehouse.Application               : Started Application in 14.585 seconds (JVM running for 17.087)
2017-05-17 10:21:54.937  INFO 7072 --- [http-nio-8080-exec-1] o.a.c.c.C.[Tomcat].[localhost].[/]       : Initializing Spring FrameworkServlet 'dispatcherServlet'
2017-05-17 10:21:54.940  INFO 7072 --- [http-nio-8080-exec-1] o.s.web.servlet.DispatcherServlet        : FrameworkServlet 'dispatcherServlet': initialization started
2017-05-17 10:21:54.989  INFO 7072 --- [http-nio-8080-exec-1] o.s.web.servlet.DispatcherServlet        : FrameworkServlet 'dispatcherServlet': initialization completed in 48 ms
2017-05-17 10:22:00.634 DEBUG 7072 --- [http-nio-8080-exec-1] c.warehouse.controller.LoginController   : --------> login
2017-05-17 10:22:00.744  INFO 7072 --- [http-nio-8080-exec-1] com.alibaba.druid.pool.DruidDataSource   : {dataSource-1} inited
2017-05-17 10:22:01.059 DEBUG 7072 --- [http-nio-8080-exec-1] c.w.dao.SysUserMapper.queryByUserName    : ==>  Preparing: select * from sys_user where username = ? 
2017-05-17 10:22:01.091 DEBUG 7072 --- [http-nio-8080-exec-1] c.w.dao.SysUserMapper.queryByUserName    : ==> Parameters: admin(String)
2017-05-17 10:22:01.184 DEBUG 7072 --- [http-nio-8080-exec-1] c.w.dao.SysUserMapper.queryByUserName    : <==      Total: 1
2017-05-17 10:22:01.184 DEBUG 7072 --- [http-nio-8080-exec-1] c.w.configuration.shiro.UserRealm        : 用户登录认证.[username=admin,password=8d969eef6ecad3c29a3a629280e686cf0c3f5d5a86aff3ca12020c923adc6c92]
2017-05-17 10:22:01.184 DEBUG 7072 --- [http-nio-8080-exec-1] c.w.configuration.shiro.UserRealm        : ----------->
2017-05-17 10:22:01.184 DEBUG 7072 --- [http-nio-8080-exec-1] c.w.configuration.shiro.UserRealm        :            用户信息：SysUser{userId=1, username='admin', password='8d969eef6ecad3c29a3a629280e686cf0c3f5d5a86aff3ca12020c923adc6c92', email='543328410@qq.com', mobile='15111325930', status=1, createUserId=null, createTime=Fri Nov 11 11:11:11 CST 2016, roleIdList=null}
2017-05-17 10:22:01.638 DEBUG 7072 --- [http-nio-8080-exec-5] c.w.dao.SysMenuMapper.queryListParentId  : ==>  Preparing: select * from sys_menu where parent_id = ? order by order_num asc 
2017-05-17 10:22:01.684 DEBUG 7072 --- [http-nio-8080-exec-5] c.w.dao.SysMenuMapper.queryListParentId  : ==> Parameters: 0(Long)
2017-05-17 10:22:01.715 DEBUG 7072 --- [http-nio-8080-exec-5] c.w.dao.SysMenuMapper.queryListParentId  : <==      Total: 2
2017-05-17 10:22:01.765 DEBUG 7072 --- [http-nio-8080-exec-5] c.w.dao.SysMenuMapper.queryListParentId  : ==>  Preparing: select * from sys_menu where parent_id = ? order by order_num asc 
2017-05-17 10:22:01.772 DEBUG 7072 --- [http-nio-8080-exec-5] c.w.dao.SysMenuMapper.queryListParentId  : ==> Parameters: 1(Long)
2017-05-17 10:22:01.787 DEBUG 7072 --- [http-nio-8080-exec-5] c.w.dao.SysMenuMapper.queryListParentId  : <==      Total: 9
2017-05-17 10:22:01.788 DEBUG 7072 --- [http-nio-8080-exec-5] c.w.dao.SysMenuMapper.queryListParentId  : ==>  Preparing: select * from sys_menu where parent_id = ? order by order_num asc 
2017-05-17 10:22:01.789 DEBUG 7072 --- [http-nio-8080-exec-5] c.w.dao.SysMenuMapper.queryListParentId  : ==> Parameters: 32(Long)
2017-05-17 10:22:01.790 DEBUG 7072 --- [http-nio-8080-exec-5] c.w.dao.SysMenuMapper.queryListParentId  : <==      Total: 0
2017-05-17 10:22:04.143 DEBUG 7072 --- [http-nio-8080-exec-4] c.warehouse.dao.SysMenuMapper.queryList  : ==>  Preparing: select m.*,(select p.name from sys_menu p where p.menu_id = m.parent_id) as parentName from sys_menu m order by m.order_num asc 
2017-05-17 10:22:04.143 DEBUG 7072 --- [http-nio-8080-exec-4] c.warehouse.dao.SysMenuMapper.queryList  : ==> Parameters: 
2017-05-17 10:22:04.217 DEBUG 7072 --- [http-nio-8080-exec-4] c.warehouse.dao.SysMenuMapper.queryList  : <==      Total: 31
2017-05-17 10:22:04.218 DEBUG 7072 --- [http-nio-8080-exec-4] c.w.configuration.shiro.UserRealm        : 用户名[admin]拥有权限列表,[perms=[sys:schedule:info, sys:menu:update, sys:menu:delete, sys:config:info, sys:generator:list, sys:menu:list, sys:config:save, sys:menu:perms, sys:config:update, sys:schedule:resume, sys:upload:all, sys:user:delete, sys:config:list, sys:user:update, sys:role:list, sys:menu:info, sys:menu:select, sys:schedule:update, sys:schedule:save, sys:role:select, sys:user:list, sys:menu:save, sys:role:save, sys:schedule:log, sys:role:info, sys:schedule:delete, sys:role:update, sys:schedule:list, sys:user:info, sys:generator:code, sys:schedule:run, sys:config:delete, sys:role:delete, sys:user:save, sys:schedule:pause, sys:log:list]]
2017-05-17 10:22:04.275 DEBUG 7072 --- [http-nio-8080-exec-4] c.w.dao.SysUserMapper.queryList_COUNT    : ==>  Preparing: SELECT count(*) FROM sys_user 
2017-05-17 10:22:04.276 DEBUG 7072 --- [http-nio-8080-exec-4] c.w.dao.SysUserMapper.queryList_COUNT    : ==> Parameters: 
2017-05-17 10:22:04.293 DEBUG 7072 --- [http-nio-8080-exec-4] c.w.dao.SysUserMapper.queryList_COUNT    : <==      Total: 1
2017-05-17 10:22:04.295 DEBUG 7072 --- [http-nio-8080-exec-4] c.warehouse.dao.SysUserMapper.queryList  : ==>  Preparing: select * from sys_user order by user_id desc limit ?,? 
2017-05-17 10:22:04.296 DEBUG 7072 --- [http-nio-8080-exec-4] c.warehouse.dao.SysUserMapper.queryList  : ==> Parameters: 0(Integer), 10(Integer)
2017-05-17 10:22:04.300 DEBUG 7072 --- [http-nio-8080-exec-4] c.warehouse.dao.SysUserMapper.queryList  : <==      Total: 1
2017-05-17 10:22:07.880  INFO 7072 --- [Thread-4] ationConfigEmbeddedWebApplicationContext : Closing org.springframework.boot.context.embedded.AnnotationConfigEmbeddedWebApplicationContext@7ab2bfe1: startup date [Wed May 17 10:21:34 CST 2017]; root of context hierarchy
2017-05-17 10:22:07.896  INFO 7072 --- [Thread-4] o.s.j.e.a.AnnotationMBeanExporter        : Unregistering JMX-exposed beans on shutdown
2017-05-17 10:22:07.896  INFO 7072 --- [Thread-4] o.s.j.e.a.AnnotationMBeanExporter        : Unregistering JMX-exposed beans
2017-05-17 10:22:07.943  INFO 7072 --- [Thread-4] com.alibaba.druid.pool.DruidDataSource   : {dataSource-1} closed
